[2026-04-30 06:34:50] [info] [salifa@gmail.com] User logged in: salifa@gmail.com
[2026-04-30 08:34:00] [info] [salifa@gmail.com] User logged in: salifa@gmail.com
[2026-04-30 08:52:05] [info] [salifa@gmail.com] Credits deducted: 1 from salifa@gmail.com
[2026-04-30 08:52:05] [info] [salifa@gmail.com] Advertisement created and auto-approved: ID 166 by salifa@gmail.com
[2026-04-30 08:52:05] [info] [salifa@gmail.com] Placard issue generated for 2026-04-30: 4
[2026-04-30 08:52:05] [info] [salifa@gmail.com] Auto-generated PDF for date 2026-04-30 after creating ad 166
[2026-04-30 10:38:06] [info] [salifa@gmail.com] User logged in: salifa@gmail.com
[2026-04-30 10:45:04] [info] [salifa@gmail.com] Credits deducted: 1 from salifa@gmail.com
[2026-04-30 10:45:04] [info] [salifa@gmail.com] Advertisement created and auto-approved: ID 167 by salifa@gmail.com
[2026-04-30 10:45:04] [info] [salifa@gmail.com] Placard issue generated for 2026-04-30: 5
[2026-04-30 10:45:04] [info] [salifa@gmail.com] Auto-generated PDF for date 2026-04-30 after creating ad 167
[2026-04-30 11:00:43] [info] [salifa@gmail.com] Credits deducted: 1 from salifa@gmail.com
[2026-04-30 11:00:43] [info] [salifa@gmail.com] Advertisement created and auto-approved: ID 168 by salifa@gmail.com
[2026-04-30 11:00:43] [info] [salifa@gmail.com] PDF generation failed for 2026-04-30: Unknown error
[2026-04-30 11:00:43] [info] [salifa@gmail.com] Failed to auto-generate PDF for date 2026-04-30 after creating ad 168: PDF generation failed: Unknown error
[2026-04-30 11:18:55] [info] [guest] PDF generation failed for 2026-04-30: Unknown error
[2026-04-30 12:49:52] [info] [salifa@gmail.com] User logged in: salifa@gmail.com
[2026-04-30 13:05:34] [info] [guest] PDF generation failed for 2026-04-30: Unknown error
[2026-04-30 13:24:10] [info] [guest] PDF generation failed for 2026-04-30: Unknown error
[2026-04-30 15:01:05] [info] [salifa@gmail.com] User logged in: salifa@gmail.com
[2026-04-30 15:02:37] [info] [salifa@gmail.com] Credits deducted: 1 from salifa@gmail.com
[2026-04-30 15:02:37] [info] [salifa@gmail.com] Advertisement created and auto-approved: ID 169 by salifa@gmail.com
[2026-04-30 15:02:38] [info] [salifa@gmail.com] PDF generation failed for 2026-04-30: Unknown error
[2026-04-30 15:02:38] [info] [salifa@gmail.com] Failed to auto-generate PDF for date 2026-04-30 after creating ad 169: PDF generation failed: Unknown error
[2026-04-30 15:12:47] [info] [salifa@gmail.com] Credits deducted: 1 from salifa@gmail.com
[2026-04-30 15:12:47] [info] [salifa@gmail.com] Advertisement created and auto-approved: ID 170 by salifa@gmail.com
[2026-04-30 15:12:47] [info] [salifa@gmail.com] PDF generation failed for 2026-04-30: Unknown error
[2026-04-30 15:12:47] [info] [salifa@gmail.com] Failed to auto-generate PDF for date 2026-04-30 after creating ad 170: PDF generation failed: Unknown error
[2026-04-30 15:18:20] [info] [guest] PDF generation failed for 2026-04-30: Unknown error
