[2026-04-21 21:50:53] SQLSTATE[HY000] [1045] Access denied for user 'root'@'localhost' (using password: NO)
[2026-04-21 21:52:13] SQLSTATE[HY000] [1045] Access denied for user 'root'@'localhost' (using password: NO)
[2026-04-24 09:51:23] SQLSTATE[01000]: Warning: 1265 Data truncated for column 'ad_type' at row 1
[2026-04-24 09:52:05] SQLSTATE[01000]: Warning: 1265 Data truncated for column 'ad_type' at row 1
[2026-04-24 09:52:28] SQLSTATE[01000]: Warning: 1265 Data truncated for column 'ad_type' at row 1
[2026-04-24 09:57:49] SQLSTATE[01000]: Warning: 1265 Data truncated for column 'ad_type' at row 1
[2026-04-24 09:58:04] SQLSTATE[01000]: Warning: 1265 Data truncated for column 'ad_type' at row 1
[2026-04-24 09:58:16] SQLSTATE[01000]: Warning: 1265 Data truncated for column 'ad_type' at row 1
[2026-04-29 16:19:29] SQLSTATE[22007]: Invalid datetime format: 1366 Incorrect integer value: 'admin@vnn.mac.in.th' for column `vnnsbiz`.`payment_transactions`.`approved_by` at row 1
[2026-04-29 16:19:56] SQLSTATE[22007]: Invalid datetime format: 1366 Incorrect integer value: 'admin@vnn.mac.in.th' for column `vnnsbiz`.`payment_transactions`.`approved_by` at row 1
[2026-04-29 16:20:03] SQLSTATE[22007]: Invalid datetime format: 1366 Incorrect integer value: 'admin@vnn.mac.in.th' for column `vnnsbiz`.`payment_transactions`.`approved_by` at row 1
[2026-04-29 16:20:11] SQLSTATE[22007]: Invalid datetime format: 1366 Incorrect integer value: 'admin@vnn.mac.in.th' for column `vnnsbiz`.`payment_transactions`.`approved_by` at row 1
[2026-04-30 11:19:54] SQLSTATE[HY093]: Invalid parameter number
[2026-04-30 15:18:42] SQLSTATE[23000]: Integrity constraint violation: 1062 Duplicate entry '2026-04-30' for key 'unique_issue_date'
[2026-05-15 16:11:40] SQLSTATE[HY093]: Invalid parameter number
[2026-05-15 16:11:40] SQLSTATE[HY093]: Invalid parameter number
[2026-05-15 16:11:59] SQLSTATE[HY093]: Invalid parameter number
[2026-05-15 16:11:59] SQLSTATE[HY093]: Invalid parameter number
[2026-05-15 16:13:18] SQLSTATE[HY093]: Invalid parameter number
[2026-05-15 16:13:18] SQLSTATE[HY093]: Invalid parameter number
[2026-05-15 16:15:36] SQLSTATE[HY093]: Invalid parameter number
[2026-05-15 16:15:36] SQLSTATE[HY093]: Invalid parameter number
[2026-05-19 12:06:13] SQLSTATE[HY093]: Invalid parameter number
[2026-05-19 12:06:13] SQLSTATE[HY093]: Invalid parameter number
[2026-05-19 12:39:27] SQLSTATE[HY093]: Invalid parameter number
[2026-05-19 12:39:27] SQLSTATE[HY093]: Invalid parameter number
[2026-05-19 12:59:59] SQLSTATE[HY093]: Invalid parameter number
[2026-05-19 12:59:59] SQLSTATE[HY093]: Invalid parameter number
[2026-05-20 09:29:52] SQLSTATE[HY093]: Invalid parameter number
[2026-05-20 09:29:52] SQLSTATE[HY093]: Invalid parameter number
[2026-05-20 09:29:53] SQLSTATE[HY093]: Invalid parameter number
[2026-05-20 09:29:53] SQLSTATE[HY093]: Invalid parameter number
[2026-05-20 09:29:56] SQLSTATE[HY093]: Invalid parameter number
[2026-05-20 09:29:56] SQLSTATE[HY093]: Invalid parameter number
[2026-05-20 09:29:57] SQLSTATE[HY093]: Invalid parameter number
[2026-05-20 09:29:57] SQLSTATE[HY093]: Invalid parameter number
[2026-05-20 09:29:58] SQLSTATE[HY093]: Invalid parameter number
[2026-05-20 09:29:58] SQLSTATE[HY093]: Invalid parameter number
[2026-05-20 09:30:00] SQLSTATE[HY093]: Invalid parameter number
[2026-05-20 09:30:00] SQLSTATE[HY093]: Invalid parameter number
[2026-05-20 09:30:02] SQLSTATE[HY093]: Invalid parameter number
[2026-05-20 09:30:02] SQLSTATE[HY093]: Invalid parameter number
[2026-05-20 09:30:04] SQLSTATE[HY093]: Invalid parameter number
[2026-05-20 09:30:04] SQLSTATE[HY093]: Invalid parameter number
[2026-05-20 09:30:05] SQLSTATE[HY093]: Invalid parameter number
[2026-05-20 09:30:05] SQLSTATE[HY093]: Invalid parameter number
[2026-05-20 09:30:08] SQLSTATE[HY093]: Invalid parameter number
[2026-05-20 09:30:08] SQLSTATE[HY093]: Invalid parameter number
[2026-05-20 09:30:11] SQLSTATE[HY093]: Invalid parameter number
[2026-05-20 09:30:11] SQLSTATE[HY093]: Invalid parameter number
[2026-05-20 09:30:13] SQLSTATE[HY093]: Invalid parameter number
[2026-05-20 09:30:13] SQLSTATE[HY093]: Invalid parameter number
[2026-05-20 09:30:26] SQLSTATE[HY093]: Invalid parameter number
[2026-05-20 09:30:26] SQLSTATE[HY093]: Invalid parameter number
[2026-05-20 09:32:18] SQLSTATE[HY093]: Invalid parameter number
[2026-05-20 09:32:18] SQLSTATE[HY093]: Invalid parameter number
[2026-05-20 09:32:18] SQLSTATE[HY093]: Invalid parameter number
[2026-05-20 09:32:18] SQLSTATE[HY093]: Invalid parameter number
[2026-05-20 09:32:18] SQLSTATE[HY093]: Invalid parameter number
[2026-05-20 09:32:18] SQLSTATE[HY093]: Invalid parameter number
[2026-05-20 09:33:02] SQLSTATE[HY093]: Invalid parameter number
[2026-05-20 09:33:02] SQLSTATE[HY093]: Invalid parameter number
[2026-05-20 09:33:05] SQLSTATE[HY093]: Invalid parameter number
[2026-05-20 09:33:05] SQLSTATE[HY093]: Invalid parameter number
[2026-05-20 09:33:07] SQLSTATE[HY093]: Invalid parameter number
[2026-05-20 09:33:07] SQLSTATE[HY093]: Invalid parameter number
[2026-05-20 09:33:07] SQLSTATE[HY093]: Invalid parameter number
[2026-05-20 09:33:07] SQLSTATE[HY093]: Invalid parameter number
[2026-05-20 09:33:10] SQLSTATE[HY093]: Invalid parameter number
[2026-05-20 09:33:10] SQLSTATE[HY093]: Invalid parameter number
[2026-05-20 09:33:10] SQLSTATE[HY093]: Invalid parameter number
[2026-05-20 09:33:10] SQLSTATE[HY093]: Invalid parameter number
[2026-05-20 09:33:12] SQLSTATE[HY093]: Invalid parameter number
[2026-05-20 09:33:12] SQLSTATE[HY093]: Invalid parameter number
[2026-05-20 09:33:12] SQLSTATE[HY093]: Invalid parameter number
[2026-05-20 09:33:12] SQLSTATE[HY093]: Invalid parameter number
[2026-05-20 09:33:14] SQLSTATE[HY093]: Invalid parameter number
[2026-05-20 09:33:14] SQLSTATE[HY093]: Invalid parameter number
[2026-05-20 09:33:16] SQLSTATE[HY093]: Invalid parameter number
[2026-05-20 09:33:16] SQLSTATE[HY093]: Invalid parameter number
[2026-05-20 09:33:18] SQLSTATE[HY093]: Invalid parameter number
[2026-05-20 09:33:18] SQLSTATE[HY093]: Invalid parameter number
[2026-05-20 09:33:18] SQLSTATE[HY093]: Invalid parameter number
[2026-05-20 09:33:18] SQLSTATE[HY093]: Invalid parameter number
[2026-05-20 09:33:19] SQLSTATE[HY093]: Invalid parameter number
[2026-05-20 09:33:19] SQLSTATE[HY093]: Invalid parameter number
[2026-05-20 09:33:19] SQLSTATE[HY093]: Invalid parameter number
[2026-05-20 09:33:19] SQLSTATE[HY093]: Invalid parameter number
[2026-05-20 09:33:19] SQLSTATE[HY093]: Invalid parameter number
[2026-05-20 09:33:19] SQLSTATE[HY093]: Invalid parameter number
[2026-05-20 09:33:19] SQLSTATE[HY093]: Invalid parameter number
[2026-05-20 09:33:19] SQLSTATE[HY093]: Invalid parameter number
[2026-05-20 09:33:50] SQLSTATE[HY093]: Invalid parameter number
[2026-05-20 09:33:50] SQLSTATE[HY093]: Invalid parameter number
[2026-05-20 09:33:51] SQLSTATE[HY093]: Invalid parameter number
[2026-05-20 09:33:51] SQLSTATE[HY093]: Invalid parameter number
[2026-05-20 09:33:51] SQLSTATE[HY093]: Invalid parameter number
[2026-05-20 09:33:51] SQLSTATE[HY093]: Invalid parameter number
[2026-05-20 09:33:51] SQLSTATE[HY093]: Invalid parameter number
[2026-05-20 09:33:51] SQLSTATE[HY093]: Invalid parameter number
[2026-05-20 09:33:51] SQLSTATE[HY093]: Invalid parameter number
[2026-05-20 09:33:51] SQLSTATE[HY093]: Invalid parameter number
[2026-05-20 09:33:52] SQLSTATE[HY093]: Invalid parameter number
[2026-05-20 09:33:52] SQLSTATE[HY093]: Invalid parameter number
[2026-05-20 09:33:55] SQLSTATE[HY093]: Invalid parameter number
[2026-05-20 09:33:55] SQLSTATE[HY093]: Invalid parameter number
[2026-05-20 09:34:34] SQLSTATE[HY093]: Invalid parameter number
[2026-05-20 09:34:34] SQLSTATE[HY093]: Invalid parameter number
[2026-05-20 09:35:36] SQLSTATE[HY093]: Invalid parameter number
[2026-05-20 09:35:36] SQLSTATE[HY093]: Invalid parameter number
[2026-05-20 09:35:36] SQLSTATE[HY093]: Invalid parameter number
[2026-05-20 09:35:36] SQLSTATE[HY093]: Invalid parameter number
[2026-05-20 09:35:36] SQLSTATE[HY093]: Invalid parameter number
[2026-05-20 09:35:36] SQLSTATE[HY093]: Invalid parameter number
[2026-05-20 09:35:38] SQLSTATE[HY093]: Invalid parameter number
[2026-05-20 09:35:38] SQLSTATE[HY093]: Invalid parameter number
[2026-05-20 09:36:19] SQLSTATE[HY093]: Invalid parameter number
[2026-05-20 09:36:19] SQLSTATE[HY093]: Invalid parameter number
[2026-05-20 09:36:21] SQLSTATE[HY093]: Invalid parameter number
[2026-05-20 09:36:21] SQLSTATE[HY093]: Invalid parameter number
[2026-05-20 09:36:25] SQLSTATE[HY093]: Invalid parameter number
[2026-05-20 09:36:25] SQLSTATE[HY093]: Invalid parameter number
[2026-05-20 09:36:29] SQLSTATE[HY093]: Invalid parameter number
[2026-05-20 09:36:29] SQLSTATE[HY093]: Invalid parameter number
[2026-05-20 09:36:31] SQLSTATE[HY093]: Invalid parameter number
[2026-05-20 09:36:31] SQLSTATE[HY093]: Invalid parameter number
[2026-05-20 09:36:35] SQLSTATE[HY093]: Invalid parameter number
[2026-05-20 09:36:35] SQLSTATE[HY093]: Invalid parameter number
[2026-05-20 09:36:39] SQLSTATE[HY093]: Invalid parameter number
[2026-05-20 09:36:39] SQLSTATE[HY093]: Invalid parameter number
[2026-05-20 09:36:43] SQLSTATE[HY093]: Invalid parameter number
[2026-05-20 09:36:43] SQLSTATE[HY093]: Invalid parameter number
[2026-05-20 09:36:52] SQLSTATE[HY093]: Invalid parameter number
[2026-05-20 09:36:52] SQLSTATE[HY093]: Invalid parameter number
[2026-05-20 09:36:58] SQLSTATE[HY093]: Invalid parameter number
[2026-05-20 09:36:58] SQLSTATE[HY093]: Invalid parameter number
[2026-05-20 09:36:59] SQLSTATE[HY093]: Invalid parameter number
[2026-05-20 09:36:59] SQLSTATE[HY093]: Invalid parameter number
[2026-05-20 09:37:03] SQLSTATE[HY093]: Invalid parameter number
[2026-05-20 09:37:03] SQLSTATE[HY093]: Invalid parameter number
[2026-05-20 09:37:05] SQLSTATE[HY093]: Invalid parameter number
[2026-05-20 09:37:05] SQLSTATE[HY093]: Invalid parameter number
[2026-05-20 09:38:55] SQLSTATE[HY093]: Invalid parameter number
[2026-05-20 09:38:55] SQLSTATE[HY093]: Invalid parameter number
[2026-05-20 09:38:55] SQLSTATE[HY093]: Invalid parameter number
[2026-05-20 09:38:55] SQLSTATE[HY093]: Invalid parameter number
[2026-05-20 09:38:55] SQLSTATE[HY093]: Invalid parameter number
[2026-05-20 09:38:55] SQLSTATE[HY093]: Invalid parameter number
[2026-05-20 09:40:18] SQLSTATE[HY093]: Invalid parameter number
[2026-05-20 09:40:18] SQLSTATE[HY093]: Invalid parameter number
[2026-05-20 09:40:22] SQLSTATE[HY093]: Invalid parameter number
[2026-05-20 09:40:22] SQLSTATE[HY093]: Invalid parameter number
[2026-05-20 09:40:26] SQLSTATE[HY093]: Invalid parameter number
[2026-05-20 09:40:26] SQLSTATE[HY093]: Invalid parameter number
[2026-05-20 09:40:26] SQLSTATE[HY093]: Invalid parameter number
[2026-05-20 09:40:26] SQLSTATE[HY093]: Invalid parameter number
[2026-05-20 09:40:29] SQLSTATE[HY093]: Invalid parameter number
[2026-05-20 09:40:29] SQLSTATE[HY093]: Invalid parameter number
[2026-05-20 09:40:30] SQLSTATE[HY093]: Invalid parameter number
[2026-05-20 09:40:30] SQLSTATE[HY093]: Invalid parameter number
[2026-05-20 09:40:32] SQLSTATE[HY093]: Invalid parameter number
[2026-05-20 09:40:32] SQLSTATE[HY093]: Invalid parameter number
[2026-05-20 09:40:32] SQLSTATE[HY093]: Invalid parameter number
[2026-05-20 09:40:32] SQLSTATE[HY093]: Invalid parameter number
[2026-05-20 09:40:34] SQLSTATE[HY093]: Invalid parameter number
[2026-05-20 09:40:34] SQLSTATE[HY093]: Invalid parameter number
[2026-05-20 09:40:39] SQLSTATE[HY093]: Invalid parameter number
[2026-05-20 09:40:39] SQLSTATE[HY093]: Invalid parameter number
[2026-05-20 09:40:42] SQLSTATE[HY093]: Invalid parameter number
[2026-05-20 09:40:42] SQLSTATE[HY093]: Invalid parameter number
[2026-05-20 09:40:43] SQLSTATE[HY093]: Invalid parameter number
[2026-05-20 09:40:43] SQLSTATE[HY093]: Invalid parameter number
[2026-05-20 09:40:43] SQLSTATE[HY093]: Invalid parameter number
[2026-05-20 09:40:43] SQLSTATE[HY093]: Invalid parameter number
[2026-05-20 09:40:43] SQLSTATE[HY093]: Invalid parameter number
[2026-05-20 09:40:43] SQLSTATE[HY093]: Invalid parameter number
[2026-05-20 09:40:44] SQLSTATE[HY093]: Invalid parameter number
[2026-05-20 09:40:44] SQLSTATE[HY093]: Invalid parameter number
[2026-05-20 09:40:44] SQLSTATE[HY093]: Invalid parameter number
[2026-05-20 09:40:44] SQLSTATE[HY093]: Invalid parameter number
[2026-05-20 09:41:15] SQLSTATE[HY093]: Invalid parameter number
[2026-05-20 09:41:15] SQLSTATE[HY093]: Invalid parameter number
[2026-05-20 09:41:15] SQLSTATE[HY093]: Invalid parameter number
[2026-05-20 09:41:15] SQLSTATE[HY093]: Invalid parameter number
[2026-05-20 09:41:15] SQLSTATE[HY093]: Invalid parameter number
[2026-05-20 09:41:15] SQLSTATE[HY093]: Invalid parameter number
[2026-05-20 09:41:15] SQLSTATE[HY093]: Invalid parameter number
[2026-05-20 09:41:15] SQLSTATE[HY093]: Invalid parameter number
[2026-05-20 09:41:16] SQLSTATE[HY093]: Invalid parameter number
[2026-05-20 09:41:16] SQLSTATE[HY093]: Invalid parameter number
[2026-05-20 09:41:16] SQLSTATE[HY093]: Invalid parameter number
[2026-05-20 09:41:16] SQLSTATE[HY093]: Invalid parameter number
[2026-05-20 09:41:33] SQLSTATE[HY093]: Invalid parameter number
[2026-05-20 09:41:33] SQLSTATE[HY093]: Invalid parameter number
[2026-05-20 09:42:01] SQLSTATE[HY093]: Invalid parameter number
[2026-05-20 09:42:01] SQLSTATE[HY093]: Invalid parameter number
[2026-05-20 09:43:12] SQLSTATE[HY093]: Invalid parameter number
[2026-05-20 09:43:12] SQLSTATE[HY093]: Invalid parameter number
[2026-05-20 09:43:13] SQLSTATE[HY093]: Invalid parameter number
[2026-05-20 09:43:13] SQLSTATE[HY093]: Invalid parameter number
[2026-05-20 09:43:14] SQLSTATE[HY093]: Invalid parameter number
[2026-05-20 09:43:14] SQLSTATE[HY093]: Invalid parameter number
[2026-05-20 09:43:29] SQLSTATE[HY093]: Invalid parameter number
[2026-05-20 09:43:29] SQLSTATE[HY093]: Invalid parameter number
[2026-05-20 09:44:45] SQLSTATE[HY093]: Invalid parameter number
[2026-05-20 09:44:45] SQLSTATE[HY093]: Invalid parameter number
[2026-05-20 09:44:47] SQLSTATE[HY093]: Invalid parameter number
[2026-05-20 09:44:47] SQLSTATE[HY093]: Invalid parameter number
[2026-05-20 09:44:47] SQLSTATE[HY093]: Invalid parameter number
[2026-05-20 09:44:47] SQLSTATE[HY093]: Invalid parameter number
[2026-05-20 09:44:48] SQLSTATE[HY093]: Invalid parameter number
[2026-05-20 09:44:48] SQLSTATE[HY093]: Invalid parameter number
[2026-05-20 09:44:48] SQLSTATE[HY093]: Invalid parameter number
[2026-05-20 09:44:48] SQLSTATE[HY093]: Invalid parameter number
[2026-05-20 09:44:48] SQLSTATE[HY093]: Invalid parameter number
[2026-05-20 09:44:48] SQLSTATE[HY093]: Invalid parameter number
[2026-05-20 09:45:19] SQLSTATE[HY093]: Invalid parameter number
[2026-05-20 09:45:19] SQLSTATE[HY093]: Invalid parameter number
[2026-05-20 09:45:20] SQLSTATE[HY093]: Invalid parameter number
[2026-05-20 09:45:20] SQLSTATE[HY093]: Invalid parameter number
[2026-05-20 09:45:20] SQLSTATE[HY093]: Invalid parameter number
[2026-05-20 09:45:20] SQLSTATE[HY093]: Invalid parameter number
[2026-05-20 09:45:20] SQLSTATE[HY093]: Invalid parameter number
[2026-05-20 09:45:20] SQLSTATE[HY093]: Invalid parameter number
[2026-05-20 09:45:20] SQLSTATE[HY093]: Invalid parameter number
[2026-05-20 09:45:20] SQLSTATE[HY093]: Invalid parameter number
[2026-05-20 09:45:21] SQLSTATE[HY093]: Invalid parameter number
[2026-05-20 09:45:21] SQLSTATE[HY093]: Invalid parameter number
[2026-05-20 09:45:36] SQLSTATE[HY093]: Invalid parameter number
[2026-05-20 09:45:36] SQLSTATE[HY093]: Invalid parameter number
[2026-05-20 09:45:36] SQLSTATE[HY093]: Invalid parameter number
[2026-05-20 09:45:36] SQLSTATE[HY093]: Invalid parameter number
[2026-05-20 22:53:46] SQLSTATE[HY093]: Invalid parameter number
[2026-05-20 22:53:46] SQLSTATE[HY093]: Invalid parameter number
[2026-05-20 22:53:46] SQLSTATE[HY093]: Invalid parameter number
[2026-05-20 22:53:46] SQLSTATE[HY093]: Invalid parameter number
[2026-05-20 22:53:48] SQLSTATE[HY093]: Invalid parameter number
[2026-05-20 22:53:48] SQLSTATE[HY093]: Invalid parameter number
[2026-05-20 22:53:50] SQLSTATE[HY093]: Invalid parameter number
[2026-05-20 22:53:50] SQLSTATE[HY093]: Invalid parameter number
[2026-05-20 22:53:50] SQLSTATE[HY093]: Invalid parameter number
[2026-05-20 22:53:50] SQLSTATE[HY093]: Invalid parameter number
[2026-05-20 22:53:52] SQLSTATE[HY093]: Invalid parameter number
[2026-05-20 22:53:52] SQLSTATE[HY093]: Invalid parameter number
[2026-05-20 22:53:54] SQLSTATE[HY093]: Invalid parameter number
[2026-05-20 22:53:54] SQLSTATE[HY093]: Invalid parameter number
[2026-05-20 22:53:56] SQLSTATE[HY093]: Invalid parameter number
[2026-05-20 22:53:56] SQLSTATE[HY093]: Invalid parameter number
[2026-05-20 22:53:57] SQLSTATE[HY093]: Invalid parameter number
[2026-05-20 22:53:57] SQLSTATE[HY093]: Invalid parameter number
[2026-05-20 22:54:00] SQLSTATE[HY093]: Invalid parameter number
[2026-05-20 22:54:00] SQLSTATE[HY093]: Invalid parameter number
[2026-05-20 22:54:04] SQLSTATE[HY093]: Invalid parameter number
[2026-05-20 22:54:04] SQLSTATE[HY093]: Invalid parameter number
[2026-05-20 22:54:06] SQLSTATE[HY093]: Invalid parameter number
[2026-05-20 22:54:06] SQLSTATE[HY093]: Invalid parameter number
[2026-05-20 22:54:22] SQLSTATE[HY093]: Invalid parameter number
[2026-05-20 22:54:22] SQLSTATE[HY093]: Invalid parameter number
[2026-05-20 22:56:13] SQLSTATE[HY093]: Invalid parameter number
[2026-05-20 22:56:13] SQLSTATE[HY093]: Invalid parameter number
[2026-05-20 22:56:13] SQLSTATE[HY093]: Invalid parameter number
[2026-05-20 22:56:13] SQLSTATE[HY093]: Invalid parameter number
[2026-05-20 22:56:13] SQLSTATE[HY093]: Invalid parameter number
[2026-05-20 22:56:13] SQLSTATE[HY093]: Invalid parameter number
[2026-05-20 22:56:57] SQLSTATE[HY093]: Invalid parameter number
[2026-05-20 22:56:57] SQLSTATE[HY093]: Invalid parameter number
[2026-05-20 22:56:59] SQLSTATE[HY093]: Invalid parameter number
[2026-05-20 22:56:59] SQLSTATE[HY093]: Invalid parameter number
[2026-05-20 22:57:01] SQLSTATE[HY093]: Invalid parameter number
[2026-05-20 22:57:01] SQLSTATE[HY093]: Invalid parameter number
[2026-05-20 22:57:02] SQLSTATE[HY093]: Invalid parameter number
[2026-05-20 22:57:02] SQLSTATE[HY093]: Invalid parameter number
[2026-05-20 22:57:04] SQLSTATE[HY093]: Invalid parameter number
[2026-05-20 22:57:04] SQLSTATE[HY093]: Invalid parameter number
[2026-05-20 22:57:04] SQLSTATE[HY093]: Invalid parameter number
[2026-05-20 22:57:04] SQLSTATE[HY093]: Invalid parameter number
[2026-05-20 22:57:06] SQLSTATE[HY093]: Invalid parameter number
[2026-05-20 22:57:06] SQLSTATE[HY093]: Invalid parameter number
[2026-05-20 22:57:06] SQLSTATE[HY093]: Invalid parameter number
[2026-05-20 22:57:06] SQLSTATE[HY093]: Invalid parameter number
[2026-05-20 22:57:08] SQLSTATE[HY093]: Invalid parameter number
[2026-05-20 22:57:08] SQLSTATE[HY093]: Invalid parameter number
[2026-05-20 22:57:10] SQLSTATE[HY093]: Invalid parameter number
[2026-05-20 22:57:10] SQLSTATE[HY093]: Invalid parameter number
[2026-05-20 22:57:11] SQLSTATE[HY093]: Invalid parameter number
[2026-05-20 22:57:11] SQLSTATE[HY093]: Invalid parameter number
[2026-05-20 22:57:12] SQLSTATE[HY093]: Invalid parameter number
[2026-05-20 22:57:12] SQLSTATE[HY093]: Invalid parameter number
[2026-05-20 22:57:12] SQLSTATE[HY093]: Invalid parameter number
[2026-05-20 22:57:12] SQLSTATE[HY093]: Invalid parameter number
[2026-05-20 22:57:13] SQLSTATE[HY093]: Invalid parameter number
[2026-05-20 22:57:13] SQLSTATE[HY093]: Invalid parameter number
[2026-05-20 22:57:14] SQLSTATE[HY093]: Invalid parameter number
[2026-05-20 22:57:14] SQLSTATE[HY093]: Invalid parameter number
[2026-05-20 22:57:14] SQLSTATE[HY093]: Invalid parameter number
[2026-05-20 22:57:14] SQLSTATE[HY093]: Invalid parameter number
[2026-05-20 22:57:43] SQLSTATE[HY093]: Invalid parameter number
[2026-05-20 22:57:43] SQLSTATE[HY093]: Invalid parameter number
[2026-05-20 22:57:44] SQLSTATE[HY093]: Invalid parameter number
[2026-05-20 22:57:44] SQLSTATE[HY093]: Invalid parameter number
[2026-05-20 22:57:44] SQLSTATE[HY093]: Invalid parameter number
[2026-05-20 22:57:44] SQLSTATE[HY093]: Invalid parameter number
[2026-05-20 22:57:44] SQLSTATE[HY093]: Invalid parameter number
[2026-05-20 22:57:44] SQLSTATE[HY093]: Invalid parameter number
[2026-05-20 22:57:45] SQLSTATE[HY093]: Invalid parameter number
[2026-05-20 22:57:45] SQLSTATE[HY093]: Invalid parameter number
[2026-05-20 22:57:45] SQLSTATE[HY093]: Invalid parameter number
[2026-05-20 22:57:45] SQLSTATE[HY093]: Invalid parameter number
[2026-05-20 22:57:49] SQLSTATE[HY093]: Invalid parameter number
[2026-05-20 22:57:49] SQLSTATE[HY093]: Invalid parameter number
[2026-05-20 22:58:24] SQLSTATE[HY093]: Invalid parameter number
[2026-05-20 22:58:24] SQLSTATE[HY093]: Invalid parameter number
[2026-05-20 22:59:35] SQLSTATE[HY093]: Invalid parameter number
[2026-05-20 22:59:35] SQLSTATE[HY093]: Invalid parameter number
[2026-05-20 22:59:37] SQLSTATE[HY093]: Invalid parameter number
[2026-05-20 22:59:37] SQLSTATE[HY093]: Invalid parameter number
[2026-05-20 22:59:37] SQLSTATE[HY093]: Invalid parameter number
[2026-05-20 22:59:37] SQLSTATE[HY093]: Invalid parameter number
[2026-05-20 22:59:41] SQLSTATE[HY093]: Invalid parameter number
[2026-05-20 22:59:41] SQLSTATE[HY093]: Invalid parameter number
[2026-05-20 22:59:59] SQLSTATE[HY093]: Invalid parameter number
[2026-05-20 22:59:59] SQLSTATE[HY093]: Invalid parameter number
[2026-05-20 22:59:59] SQLSTATE[HY093]: Invalid parameter number
[2026-05-20 22:59:59] SQLSTATE[HY093]: Invalid parameter number
[2026-05-20 23:00:02] SQLSTATE[HY093]: Invalid parameter number
[2026-05-20 23:00:02] SQLSTATE[HY093]: Invalid parameter number
[2026-05-20 23:00:05] SQLSTATE[HY093]: Invalid parameter number
[2026-05-20 23:00:05] SQLSTATE[HY093]: Invalid parameter number
[2026-05-20 23:00:08] SQLSTATE[HY093]: Invalid parameter number
[2026-05-20 23:00:08] SQLSTATE[HY093]: Invalid parameter number
[2026-05-20 23:00:10] SQLSTATE[HY093]: Invalid parameter number
[2026-05-20 23:00:10] SQLSTATE[HY093]: Invalid parameter number
[2026-05-20 23:00:12] SQLSTATE[HY093]: Invalid parameter number
[2026-05-20 23:00:12] SQLSTATE[HY093]: Invalid parameter number
[2026-05-20 23:00:14] SQLSTATE[HY093]: Invalid parameter number
[2026-05-20 23:00:14] SQLSTATE[HY093]: Invalid parameter number
[2026-05-20 23:00:16] SQLSTATE[HY093]: Invalid parameter number
[2026-05-20 23:00:16] SQLSTATE[HY093]: Invalid parameter number
[2026-05-20 23:00:24] SQLSTATE[HY093]: Invalid parameter number
[2026-05-20 23:00:24] SQLSTATE[HY093]: Invalid parameter number
[2026-05-20 23:00:29] SQLSTATE[HY093]: Invalid parameter number
[2026-05-20 23:00:29] SQLSTATE[HY093]: Invalid parameter number
[2026-05-20 23:00:32] SQLSTATE[HY093]: Invalid parameter number
[2026-05-20 23:00:32] SQLSTATE[HY093]: Invalid parameter number
[2026-05-20 23:00:56] SQLSTATE[HY093]: Invalid parameter number
[2026-05-20 23:00:56] SQLSTATE[HY093]: Invalid parameter number
[2026-05-20 23:02:33] SQLSTATE[HY093]: Invalid parameter number
[2026-05-20 23:02:33] SQLSTATE[HY093]: Invalid parameter number
[2026-05-20 23:02:33] SQLSTATE[HY093]: Invalid parameter number
[2026-05-20 23:02:33] SQLSTATE[HY093]: Invalid parameter number
[2026-05-20 23:02:33] SQLSTATE[HY093]: Invalid parameter number
[2026-05-20 23:02:33] SQLSTATE[HY093]: Invalid parameter number
[2026-05-20 23:03:19] SQLSTATE[HY093]: Invalid parameter number
[2026-05-20 23:03:19] SQLSTATE[HY093]: Invalid parameter number
[2026-05-20 23:03:22] SQLSTATE[HY093]: Invalid parameter number
[2026-05-20 23:03:22] SQLSTATE[HY093]: Invalid parameter number
[2026-05-20 23:03:25] SQLSTATE[HY093]: Invalid parameter number
[2026-05-20 23:03:25] SQLSTATE[HY093]: Invalid parameter number
[2026-05-20 23:03:26] SQLSTATE[HY093]: Invalid parameter number
[2026-05-20 23:03:26] SQLSTATE[HY093]: Invalid parameter number
[2026-05-20 23:03:28] SQLSTATE[HY093]: Invalid parameter number
[2026-05-20 23:03:28] SQLSTATE[HY093]: Invalid parameter number
[2026-05-20 23:03:28] SQLSTATE[HY093]: Invalid parameter number
[2026-05-20 23:03:28] SQLSTATE[HY093]: Invalid parameter number
[2026-05-20 23:03:30] SQLSTATE[HY093]: Invalid parameter number
[2026-05-20 23:03:30] SQLSTATE[HY093]: Invalid parameter number
[2026-05-20 23:03:30] SQLSTATE[HY093]: Invalid parameter number
[2026-05-20 23:03:30] SQLSTATE[HY093]: Invalid parameter number
[2026-05-20 23:03:32] SQLSTATE[HY093]: Invalid parameter number
[2026-05-20 23:03:32] SQLSTATE[HY093]: Invalid parameter number
[2026-05-20 23:03:34] SQLSTATE[HY093]: Invalid parameter number
[2026-05-20 23:03:34] SQLSTATE[HY093]: Invalid parameter number
[2026-05-20 23:03:37] SQLSTATE[HY093]: Invalid parameter number
[2026-05-20 23:03:37] SQLSTATE[HY093]: Invalid parameter number
[2026-05-20 23:03:37] SQLSTATE[HY093]: Invalid parameter number
[2026-05-20 23:03:37] SQLSTATE[HY093]: Invalid parameter number
[2026-05-20 23:03:37] SQLSTATE[HY093]: Invalid parameter number
[2026-05-20 23:03:37] SQLSTATE[HY093]: Invalid parameter number
[2026-05-20 23:03:38] SQLSTATE[HY093]: Invalid parameter number
[2026-05-20 23:03:38] SQLSTATE[HY093]: Invalid parameter number
[2026-05-20 23:03:38] SQLSTATE[HY093]: Invalid parameter number
[2026-05-20 23:03:38] SQLSTATE[HY093]: Invalid parameter number
[2026-05-20 23:03:38] SQLSTATE[HY093]: Invalid parameter number
[2026-05-20 23:03:38] SQLSTATE[HY093]: Invalid parameter number
[2026-05-20 23:04:09] SQLSTATE[HY093]: Invalid parameter number
[2026-05-20 23:04:09] SQLSTATE[HY093]: Invalid parameter number
[2026-05-20 23:04:10] SQLSTATE[HY093]: Invalid parameter number
[2026-05-20 23:04:10] SQLSTATE[HY093]: Invalid parameter number
[2026-05-20 23:04:10] SQLSTATE[HY093]: Invalid parameter number
[2026-05-20 23:04:10] SQLSTATE[HY093]: Invalid parameter number
[2026-05-20 23:04:10] SQLSTATE[HY093]: Invalid parameter number
[2026-05-20 23:04:10] SQLSTATE[HY093]: Invalid parameter number
[2026-05-20 23:04:10] SQLSTATE[HY093]: Invalid parameter number
[2026-05-20 23:04:10] SQLSTATE[HY093]: Invalid parameter number
[2026-05-20 23:04:10] SQLSTATE[HY093]: Invalid parameter number
[2026-05-20 23:04:10] SQLSTATE[HY093]: Invalid parameter number
[2026-05-20 23:04:14] SQLSTATE[HY093]: Invalid parameter number
[2026-05-20 23:04:14] SQLSTATE[HY093]: Invalid parameter number
[2026-05-20 23:04:52] SQLSTATE[HY093]: Invalid parameter number
[2026-05-20 23:04:52] SQLSTATE[HY093]: Invalid parameter number
[2026-05-20 23:05:57] SQLSTATE[HY093]: Invalid parameter number
[2026-05-20 23:05:57] SQLSTATE[HY093]: Invalid parameter number
[2026-05-20 23:05:57] SQLSTATE[HY093]: Invalid parameter number
[2026-05-20 23:05:57] SQLSTATE[HY093]: Invalid parameter number
[2026-05-20 23:05:57] SQLSTATE[HY093]: Invalid parameter number
[2026-05-20 23:05:57] SQLSTATE[HY093]: Invalid parameter number
[2026-05-20 23:05:58] SQLSTATE[HY093]: Invalid parameter number
[2026-05-20 23:05:58] SQLSTATE[HY093]: Invalid parameter number
[2026-05-21 14:45:25] SQLSTATE[HY093]: Invalid parameter number
[2026-05-21 14:45:25] SQLSTATE[HY093]: Invalid parameter number
